<?xml version="1.0" encoding="UTF-8"?>
<!-- Generated by org.testng.reporters.JUnitReportReporter -->
<testsuite hostname="DESKTOP-NK6SCSM" failures="0" tests="2" name="real_time_new.vmo" time="25.352" errors="0" timestamp="2024-08-25T22:52:57 IST" skipped="0">
  <testcase classname="real_time_new.vmo" name="open_browser" time="16.313"/>
  <system-out/>
  <testcase classname="real_time_new.vmo" name="quit_browser" time="9.039"/>
  <system-out/>
</testsuite> <!-- real_time_new.vmo -->
